<?xml version="1.0" encoding="UTF-8"?>
<!-- Generated by org.testng.reporters.JUnitReportReporter -->
<testsuite hostname="VDI-RSC7-PA0073" name="selenium.TestRunner" tests="1" failures="0" timestamp="23 May 2018 12:14:56 GMT" time="16.100" errors="0">
  <testcase name="run_cukes" time="16.100" classname="selenium.TestRunner"/>
</testsuite> <!-- selenium.TestRunner -->
